# JRE version: Java(TM) SE Runtime Environment (8.0_181-b13) (build 1.8.0_181-b13)
# Java VM: Java HotSpot(TM) 64-Bit Server VM (25.181-b13 mixed mode windows-amd64 compressed oops)
Heap:
 PSYoungGen      total 143360K, used 68505K [0x00000000f0000000, 0x00000000feb00000, 0x0000000100000000)
  eden space 127488K, 53% used [0x00000000f0000000,0x00000000f42e6410,0x00000000f7c80000)
  from space 15872K, 0% used [0x00000000f7c80000,0x00000000f7c80000,0x00000000f8c00000)
  to   space 12288K, 0% used [0x00000000f8c00000,0x00000000f8c00000,0x00000000f9800000)
 ParOldGen       total 86016K, used 85839K [0x00000000d0000000, 0x00000000d5400000, 0x00000000f0000000)
  object space 86016K, 99% used [0x00000000d0000000,0x00000000d53d3cf0,0x00000000d5400000)
 Metaspace       used 10059K, capacity 10438K, committed 10752K, reserved 1058816K
  class space    used 1480K, capacity 1521K, committed 1536K, reserved 1048576K
GC Heap History (10 events):
Event: 595.775 GC heap before
{Heap before GC invocations=16 (full 1):
 PSYoungGen      total 143360K, used 15360K [0x00000000f0000000, 0x00000000feb00000, 0x0000000100000000)
  eden space 127488K, 0% used [0x00000000f0000000,0x00000000f0000000,0x00000000f7c80000)
  from space 15872K, 96% used [0x00000000f7c80000,0x00000000f8b80000,0x00000000f8c00000)
  to   space 12288K, 0% used [0x00000000f8c00000,0x00000000f8c00000,0x00000000f9800000)
 ParOldGen       total 86016K, used 69747K [0x00000000d0000000, 0x00000000d5400000, 0x00000000f0000000)
  object space 86016K, 81% used [0x00000000d0000000,0x00000000d441cf38,0x00000000d5400000)
 Metaspace       used 9969K, capacity 10374K, committed 10496K, reserved 1058816K
  class space    used 1478K, capacity 1521K, committed 1536K, reserved 1048576K
Event: 596.240 GC heap after
Heap after GC invocations=16 (full 1):
 PSYoungGen      total 143360K, used 0K [0x00000000f0000000, 0x00000000feb00000, 0x0000000100000000)
  eden space 127488K, 0% used [0x00000000f0000000,0x00000000f0000000,0x00000000f7c80000)
  from space 15872K, 0% used [0x00000000f7c80000,0x00000000f7c80000,0x00000000f8c00000)
  to   space 12288K, 0% used [0x00000000f8c00000,0x00000000f8c00000,0x00000000f9800000)
 ParOldGen       total 86016K, used 79107K [0x00000000d0000000, 0x00000000d5400000, 0x00000000f0000000)
  object space 86016K, 91% used [0x00000000d0000000,0x00000000d4d40dc0,0x00000000d5400000)
 Metaspace       used 9969K, capacity 10374K, committed 10496K, reserved 1058816K
  class space    used 1478K, capacity 1521K, committed 1536K, reserved 1048576K
}
Event: 596.407 GC heap before
{Heap before GC invocations=17 (full 2):
 PSYoungGen      total 143360K, used 127488K [0x00000000f0000000, 0x00000000feb00000, 0x0000000100000000)
  eden space 127488K, 100% used [0x00000000f0000000,0x00000000f7c80000,0x00000000f7c80000)
  from space 15872K, 0% used [0x00000000f7c80000,0x00000000f7c80000,0x00000000f8c00000)
  to   space 12288K, 0% used [0x00000000f8c00000,0x00000000f8c00000,0x00000000f9800000)
 ParOldGen       total 86016K, used 79107K [0x00000000d0000000, 0x00000000d5400000, 0x00000000f0000000)
  object space 86016K, 91% used [0x00000000d0000000,0x00000000d4d40dc0,0x00000000d5400000)
 Metaspace       used 9969K, capacity 10374K, committed 10496K, reserved 1058816K
  class space    used 1478K, capacity 1521K, committed 1536K, reserved 1048576K
Event: 596.739 GC heap after
Heap after GC invocations=17 (full 2):
 PSYoungGen      total 143360K, used 7980K [0x00000000f0000000, 0x00000000feb00000, 0x0000000100000000)
  eden space 127488K, 6% used [0x00000000f0000000,0x00000000f07cb1a8,0x00000000f7c80000)
  from space 15872K, 0% used [0x00000000f7c80000,0x00000000f7c80000,0x00000000f8c00000)
  to   space 12288K, 0% used [0x00000000f8c00000,0x00000000f8c00000,0x00000000f9800000)
 ParOldGen       total 86016K, used 85955K [0x00000000d0000000, 0x00000000d5400000, 0x00000000f0000000)
  object space 86016K, 99% used [0x00000000d0000000,0x00000000d53f0e50,0x00000000d5400000)
 Metaspace       used 9969K, capacity 10374K, committed 10496K, reserved 1058816K
  class space    used 1478K, capacity 1521K, committed 1536K, reserved 1048576K
}
Event: 596.907 GC heap before
{Heap before GC invocations=18 (full 3):
 PSYoungGen      total 143360K, used 127488K [0x00000000f0000000, 0x00000000feb00000, 0x0000000100000000)
  eden space 127488K, 100% used [0x00000000f0000000,0x00000000f7c80000,0x00000000f7c80000)
  from space 15872K, 0% used [0x00000000f7c80000,0x00000000f7c80000,0x00000000f8c00000)
  to   space 12288K, 0% used [0x00000000f8c00000,0x00000000f8c00000,0x00000000f9800000)
 ParOldGen       total 86016K, used 85955K [0x00000000d0000000, 0x00000000d5400000, 0x00000000f0000000)
  object space 86016K, 99% used [0x00000000d0000000,0x00000000d53f0e50,0x00000000d5400000)
 Metaspace       used 9989K, capacity 10374K, committed 10496K, reserved 1058816K
  class space    used 1480K, capacity 1521K, committed 1536K, reserved 1048576K
Event: 597.185 GC heap after
Heap after GC invocations=18 (full 3):
 PSYoungGen      total 143360K, used 24085K [0x00000000f0000000, 0x00000000feb00000, 0x0000000100000000)
  eden space 127488K, 18% used [0x00000000f0000000,0x00000000f17856b8,0x00000000f7c80000)
  from space 15872K, 0% used [0x00000000f7c80000,0x00000000f7c80000,0x00000000f8c00000)
  to   space 12288K, 0% used [0x00000000f8c00000,0x00000000f8c00000,0x00000000f9800000)
 ParOldGen       total 86016K, used 85848K [0x00000000d0000000, 0x00000000d5400000, 0x00000000f0000000)
  object space 86016K, 99% used [0x00000000d0000000,0x00000000d53d6020,0x00000000d5400000)
 Metaspace       used 9989K, capacity 10374K, committed 10496K, reserved 1058816K
  class space    used 1480K, capacity 1521K, committed 1536K, reserved 1048576K
}
Event: 597.387 GC heap before
{Heap before GC invocations=19 (full 4):
 PSYoungGen      total 143360K, used 127488K [0x00000000f0000000, 0x00000000feb00000, 0x0000000100000000)
  eden space 127488K, 100% used [0x00000000f0000000,0x00000000f7c80000,0x00000000f7c80000)
  from space 15872K, 0% used [0x00000000f7c80000,0x00000000f7c80000,0x00000000f8c00000)
  to   space 12288K, 0% used [0x00000000f8c00000,0x00000000f8c00000,0x00000000f9800000)
 ParOldGen       total 86016K, used 85848K [0x00000000d0000000, 0x00000000d5400000, 0x00000000f0000000)
  object space 86016K, 99% used [0x00000000d0000000,0x00000000d53d6020,0x00000000d5400000)
 Metaspace       used 10003K, capacity 10374K, committed 10496K, reserved 1058816K
  class space    used 1480K, capacity 1521K, committed 1536K, reserved 1048576K
Event: 597.650 GC heap after
Heap after GC invocations=19 (full 4):
 PSYoungGen      total 143360K, used 38910K [0x00000000f0000000, 0x00000000feb00000, 0x0000000100000000)
  eden space 127488K, 30% used [0x00000000f0000000,0x00000000f25ff978,0x00000000f7c80000)
  from space 15872K, 0% used [0x00000000f7c80000,0x00000000f7c80000,0x00000000f8c00000)
  to   space 12288K, 0% used [0x00000000f8c00000,0x00000000f8c00000,0x00000000f9800000)
 ParOldGen       total 86016K, used 85839K [0x00000000d0000000, 0x00000000d5400000, 0x00000000f0000000)
  object space 86016K, 99% used [0x00000000d0000000,0x00000000d53d3d28,0x00000000d5400000)
 Metaspace       used 10003K, capacity 10374K, committed 10496K, reserved 1058816K
  class space    used 1480K, capacity 1521K, committed 1536K, reserved 1048576K
}
Event: 597.790 GC heap before
{Heap before GC invocations=20 (full 5):
 PSYoungGen      total 143360K, used 127488K [0x00000000f0000000, 0x00000000feb00000, 0x0000000100000000)
  eden space 127488K, 100% used [0x00000000f0000000,0x00000000f7c80000,0x00000000f7c80000)
  from space 15872K, 0% used [0x00000000f7c80000,0x00000000f7c80000,0x00000000f8c00000)
  to   space 12288K, 0% used [0x00000000f8c00000,0x00000000f8c00000,0x00000000f9800000)
 ParOldGen       total 86016K, used 85839K [0x00000000d0000000, 0x00000000d5400000, 0x00000000f0000000)
  object space 86016K, 99% used [0x00000000d0000000,0x00000000d53d3d28,0x00000000d5400000)
 Metaspace       used 10059K, capacity 10438K, committed 10752K, reserved 1058816K
  class space    used 1480K, capacity 1521K, committed 1536K, reserved 1048576K
Event: 598.103 GC heap after
Heap after GC invocations=20 (full 5):
 PSYoungGen      total 143360K, used 51205K [0x00000000f0000000, 0x00000000feb00000, 0x0000000100000000)
  eden space 127488K, 40% used [0x00000000f0000000,0x00000000f3201530,0x00000000f7c80000)
  from space 15872K, 0% used [0x00000000f7c80000,0x00000000f7c80000,0x00000000f8c00000)
  to   space 12288K, 0% used [0x00000000f8c00000,0x00000000f8c00000,0x00000000f9800000)
 ParOldGen       total 86016K, used 85839K [0x00000000d0000000, 0x00000000d5400000, 0x00000000f0000000)
  object space 86016K, 99% used [0x00000000d0000000,0x00000000d53d3cf0,0x00000000d5400000)
 Metaspace       used 10059K, capacity 10438K, committed 10752K, reserved 1058816K
  class space    used 1480K, capacity 1521K, committed 1536K, reserved 1048576K
}

